2014-05-11 20:24:53,630 INFO asol.fin.uploader.Uploader [main] Entering.
2014-05-11 20:24:55,994 ERROR asol.fin.uploader.Uploader [main] IO Error: The Network Adapter could not establish the connection
java.sql.SQLRecoverableException: IO Error: The Network Adapter could not establish the connection
	at oracle.jdbc.driver.T4CConnection.logon(T4CConnection.java:458) ~[ojdbc6.jar:11.2.0.3.0]
	at oracle.jdbc.driver.PhysicalConnection.<init>(PhysicalConnection.java:546) ~[ojdbc6.jar:11.2.0.3.0]
	at oracle.jdbc.driver.T4CConnection.<init>(T4CConnection.java:236) ~[ojdbc6.jar:11.2.0.3.0]
	at oracle.jdbc.driver.T4CDriverExtension.getConnection(T4CDriverExtension.java:32) ~[ojdbc6.jar:11.2.0.3.0]
	at oracle.jdbc.driver.OracleDriver.connect(OracleDriver.java:521) ~[ojdbc6.jar:11.2.0.3.0]
	at java.sql.DriverManager.getConnection(Unknown Source) ~[?:1.7.0_06]
	at java.sql.DriverManager.getConnection(Unknown Source) ~[?:1.7.0_06]
	at asol.fin.uploader.DBHelper.getConnection(DBHelper.java:85) ~[bin/:?]
	at asol.fin.uploader.DBHelper.fetchPresentations(DBHelper.java:46) ~[bin/:?]
	at asol.fin.uploader.Uploader.main(Uploader.java:49) [bin/:?]
Caused by: oracle.net.ns.NetException: The Network Adapter could not establish the connection
	at oracle.net.nt.ConnStrategy.execute(ConnStrategy.java:392) ~[ojdbc6.jar:11.2.0.3.0]
	at oracle.net.resolver.AddrResolution.resolveAndExecute(AddrResolution.java:434) ~[ojdbc6.jar:11.2.0.3.0]
	at oracle.net.ns.NSProtocol.establishConnection(NSProtocol.java:687) ~[ojdbc6.jar:11.2.0.3.0]
	at oracle.net.ns.NSProtocol.connect(NSProtocol.java:247) ~[ojdbc6.jar:11.2.0.3.0]
	at oracle.jdbc.driver.T4CConnection.connect(T4CConnection.java:1102) ~[ojdbc6.jar:11.2.0.3.0]
	at oracle.jdbc.driver.T4CConnection.logon(T4CConnection.java:320) ~[ojdbc6.jar:11.2.0.3.0]
	... 9 more
Caused by: java.net.UnknownHostException: deli
	at java.net.Inet6AddressImpl.lookupAllHostAddr(Native Method) ~[?:1.7.0_06]
	at java.net.InetAddress$1.lookupAllHostAddr(Unknown Source) ~[?:1.7.0_06]
	at java.net.InetAddress.getAddressesFromNameService(Unknown Source) ~[?:1.7.0_06]
	at java.net.InetAddress.getAllByName0(Unknown Source) ~[?:1.7.0_06]
	at java.net.InetAddress.getAllByName(Unknown Source) ~[?:1.7.0_06]
	at java.net.InetAddress.getAllByName(Unknown Source) ~[?:1.7.0_06]
	at oracle.net.nt.TcpNTAdapter.connect(TcpNTAdapter.java:117) ~[ojdbc6.jar:11.2.0.3.0]
	at oracle.net.nt.ConnOption.connect(ConnOption.java:133) ~[ojdbc6.jar:11.2.0.3.0]
	at oracle.net.nt.ConnStrategy.execute(ConnStrategy.java:370) ~[ojdbc6.jar:11.2.0.3.0]
	at oracle.net.resolver.AddrResolution.resolveAndExecute(AddrResolution.java:434) ~[ojdbc6.jar:11.2.0.3.0]
	at oracle.net.ns.NSProtocol.establishConnection(NSProtocol.java:687) ~[ojdbc6.jar:11.2.0.3.0]
	at oracle.net.ns.NSProtocol.connect(NSProtocol.java:247) ~[ojdbc6.jar:11.2.0.3.0]
	at oracle.jdbc.driver.T4CConnection.connect(T4CConnection.java:1102) ~[ojdbc6.jar:11.2.0.3.0]
	at oracle.jdbc.driver.T4CConnection.logon(T4CConnection.java:320) ~[ojdbc6.jar:11.2.0.3.0]
	... 9 more
2014-05-11 20:31:11,447 INFO asol.fin.uploader.Uploader [main] Entering.
2014-05-11 20:31:13,816 ERROR asol.fin.uploader.Uploader [main] IO Error: The Network Adapter could not establish the connection
java.sql.SQLRecoverableException: IO Error: The Network Adapter could not establish the connection
	at oracle.jdbc.driver.T4CConnection.logon(T4CConnection.java:458) ~[ojdbc6.jar:11.2.0.3.0]
	at oracle.jdbc.driver.PhysicalConnection.<init>(PhysicalConnection.java:546) ~[ojdbc6.jar:11.2.0.3.0]
	at oracle.jdbc.driver.T4CConnection.<init>(T4CConnection.java:236) ~[ojdbc6.jar:11.2.0.3.0]
	at oracle.jdbc.driver.T4CDriverExtension.getConnection(T4CDriverExtension.java:32) ~[ojdbc6.jar:11.2.0.3.0]
	at oracle.jdbc.driver.OracleDriver.connect(OracleDriver.java:521) ~[ojdbc6.jar:11.2.0.3.0]
	at java.sql.DriverManager.getConnection(Unknown Source) ~[?:1.7.0_06]
	at java.sql.DriverManager.getConnection(Unknown Source) ~[?:1.7.0_06]
	at asol.fin.uploader.DBHelper.getConnection(DBHelper.java:90) ~[bin/:?]
	at asol.fin.uploader.DBHelper.fetchPresentations(DBHelper.java:46) ~[bin/:?]
	at asol.fin.uploader.Uploader.main(Uploader.java:49) [bin/:?]
Caused by: oracle.net.ns.NetException: The Network Adapter could not establish the connection
	at oracle.net.nt.ConnStrategy.execute(ConnStrategy.java:392) ~[ojdbc6.jar:11.2.0.3.0]
	at oracle.net.resolver.AddrResolution.resolveAndExecute(AddrResolution.java:434) ~[ojdbc6.jar:11.2.0.3.0]
	at oracle.net.ns.NSProtocol.establishConnection(NSProtocol.java:687) ~[ojdbc6.jar:11.2.0.3.0]
	at oracle.net.ns.NSProtocol.connect(NSProtocol.java:247) ~[ojdbc6.jar:11.2.0.3.0]
	at oracle.jdbc.driver.T4CConnection.connect(T4CConnection.java:1102) ~[ojdbc6.jar:11.2.0.3.0]
	at oracle.jdbc.driver.T4CConnection.logon(T4CConnection.java:320) ~[ojdbc6.jar:11.2.0.3.0]
	... 9 more
Caused by: java.net.UnknownHostException: deli
	at java.net.Inet6AddressImpl.lookupAllHostAddr(Native Method) ~[?:1.7.0_06]
	at java.net.InetAddress$1.lookupAllHostAddr(Unknown Source) ~[?:1.7.0_06]
	at java.net.InetAddress.getAddressesFromNameService(Unknown Source) ~[?:1.7.0_06]
	at java.net.InetAddress.getAllByName0(Unknown Source) ~[?:1.7.0_06]
	at java.net.InetAddress.getAllByName(Unknown Source) ~[?:1.7.0_06]
	at java.net.InetAddress.getAllByName(Unknown Source) ~[?:1.7.0_06]
	at oracle.net.nt.TcpNTAdapter.connect(TcpNTAdapter.java:117) ~[ojdbc6.jar:11.2.0.3.0]
	at oracle.net.nt.ConnOption.connect(ConnOption.java:133) ~[ojdbc6.jar:11.2.0.3.0]
	at oracle.net.nt.ConnStrategy.execute(ConnStrategy.java:370) ~[ojdbc6.jar:11.2.0.3.0]
	at oracle.net.resolver.AddrResolution.resolveAndExecute(AddrResolution.java:434) ~[ojdbc6.jar:11.2.0.3.0]
	at oracle.net.ns.NSProtocol.establishConnection(NSProtocol.java:687) ~[ojdbc6.jar:11.2.0.3.0]
	at oracle.net.ns.NSProtocol.connect(NSProtocol.java:247) ~[ojdbc6.jar:11.2.0.3.0]
	at oracle.jdbc.driver.T4CConnection.connect(T4CConnection.java:1102) ~[ojdbc6.jar:11.2.0.3.0]
	at oracle.jdbc.driver.T4CConnection.logon(T4CConnection.java:320) ~[ojdbc6.jar:11.2.0.3.0]
	... 9 more
2014-05-11 20:39:01,044 INFO asol.fin.uploader.Uploader [main] Entering.
2014-05-11 20:39:03,421 ERROR asol.fin.uploader.Uploader [main] IO Error: The Network Adapter could not establish the connection
java.sql.SQLRecoverableException: IO Error: The Network Adapter could not establish the connection
	at oracle.jdbc.driver.T4CConnection.logon(T4CConnection.java:458) ~[ojdbc6.jar:11.2.0.3.0]
	at oracle.jdbc.driver.PhysicalConnection.<init>(PhysicalConnection.java:546) ~[ojdbc6.jar:11.2.0.3.0]
	at oracle.jdbc.driver.T4CConnection.<init>(T4CConnection.java:236) ~[ojdbc6.jar:11.2.0.3.0]
	at oracle.jdbc.driver.T4CDriverExtension.getConnection(T4CDriverExtension.java:32) ~[ojdbc6.jar:11.2.0.3.0]
	at oracle.jdbc.driver.OracleDriver.connect(OracleDriver.java:521) ~[ojdbc6.jar:11.2.0.3.0]
	at java.sql.DriverManager.getConnection(Unknown Source) ~[?:1.7.0_06]
	at java.sql.DriverManager.getConnection(Unknown Source) ~[?:1.7.0_06]
	at asol.fin.uploader.DBHelper.getConnection(DBHelper.java:83) ~[bin/:?]
	at asol.fin.uploader.DBHelper.fetchPresentations(DBHelper.java:39) ~[bin/:?]
	at asol.fin.uploader.Uploader.main(Uploader.java:49) [bin/:?]
Caused by: oracle.net.ns.NetException: The Network Adapter could not establish the connection
	at oracle.net.nt.ConnStrategy.execute(ConnStrategy.java:392) ~[ojdbc6.jar:11.2.0.3.0]
	at oracle.net.resolver.AddrResolution.resolveAndExecute(AddrResolution.java:434) ~[ojdbc6.jar:11.2.0.3.0]
	at oracle.net.ns.NSProtocol.establishConnection(NSProtocol.java:687) ~[ojdbc6.jar:11.2.0.3.0]
	at oracle.net.ns.NSProtocol.connect(NSProtocol.java:247) ~[ojdbc6.jar:11.2.0.3.0]
	at oracle.jdbc.driver.T4CConnection.connect(T4CConnection.java:1102) ~[ojdbc6.jar:11.2.0.3.0]
	at oracle.jdbc.driver.T4CConnection.logon(T4CConnection.java:320) ~[ojdbc6.jar:11.2.0.3.0]
	... 9 more
Caused by: java.net.UnknownHostException: deli
	at java.net.Inet6AddressImpl.lookupAllHostAddr(Native Method) ~[?:1.7.0_06]
	at java.net.InetAddress$1.lookupAllHostAddr(Unknown Source) ~[?:1.7.0_06]
	at java.net.InetAddress.getAddressesFromNameService(Unknown Source) ~[?:1.7.0_06]
	at java.net.InetAddress.getAllByName0(Unknown Source) ~[?:1.7.0_06]
	at java.net.InetAddress.getAllByName(Unknown Source) ~[?:1.7.0_06]
	at java.net.InetAddress.getAllByName(Unknown Source) ~[?:1.7.0_06]
	at oracle.net.nt.TcpNTAdapter.connect(TcpNTAdapter.java:117) ~[ojdbc6.jar:11.2.0.3.0]
	at oracle.net.nt.ConnOption.connect(ConnOption.java:133) ~[ojdbc6.jar:11.2.0.3.0]
	at oracle.net.nt.ConnStrategy.execute(ConnStrategy.java:370) ~[ojdbc6.jar:11.2.0.3.0]
	at oracle.net.resolver.AddrResolution.resolveAndExecute(AddrResolution.java:434) ~[ojdbc6.jar:11.2.0.3.0]
	at oracle.net.ns.NSProtocol.establishConnection(NSProtocol.java:687) ~[ojdbc6.jar:11.2.0.3.0]
	at oracle.net.ns.NSProtocol.connect(NSProtocol.java:247) ~[ojdbc6.jar:11.2.0.3.0]
	at oracle.jdbc.driver.T4CConnection.connect(T4CConnection.java:1102) ~[ojdbc6.jar:11.2.0.3.0]
	at oracle.jdbc.driver.T4CConnection.logon(T4CConnection.java:320) ~[ojdbc6.jar:11.2.0.3.0]
	... 9 more
2014-05-11 22:13:55,634 INFO asol.fin.uploader.Uploader [main] Entering.
2014-05-11 22:13:58,013 ERROR asol.fin.uploader.Uploader [main] IO Error: The Network Adapter could not establish the connection
java.sql.SQLRecoverableException: IO Error: The Network Adapter could not establish the connection
	at oracle.jdbc.driver.T4CConnection.logon(T4CConnection.java:458) ~[ojdbc6.jar:11.2.0.3.0]
	at oracle.jdbc.driver.PhysicalConnection.<init>(PhysicalConnection.java:546) ~[ojdbc6.jar:11.2.0.3.0]
	at oracle.jdbc.driver.T4CConnection.<init>(T4CConnection.java:236) ~[ojdbc6.jar:11.2.0.3.0]
	at oracle.jdbc.driver.T4CDriverExtension.getConnection(T4CDriverExtension.java:32) ~[ojdbc6.jar:11.2.0.3.0]
	at oracle.jdbc.driver.OracleDriver.connect(OracleDriver.java:521) ~[ojdbc6.jar:11.2.0.3.0]
	at java.sql.DriverManager.getConnection(Unknown Source) ~[?:1.7.0_06]
	at java.sql.DriverManager.getConnection(Unknown Source) ~[?:1.7.0_06]
	at asol.fin.uploader.DBHelper.getConnection(DBHelper.java:111) ~[bin/:?]
	at asol.fin.uploader.DBHelper.fetchPresentations(DBHelper.java:45) ~[bin/:?]
	at asol.fin.uploader.Uploader.main(Uploader.java:49) [bin/:?]
Caused by: oracle.net.ns.NetException: The Network Adapter could not establish the connection
	at oracle.net.nt.ConnStrategy.execute(ConnStrategy.java:392) ~[ojdbc6.jar:11.2.0.3.0]
	at oracle.net.resolver.AddrResolution.resolveAndExecute(AddrResolution.java:434) ~[ojdbc6.jar:11.2.0.3.0]
	at oracle.net.ns.NSProtocol.establishConnection(NSProtocol.java:687) ~[ojdbc6.jar:11.2.0.3.0]
	at oracle.net.ns.NSProtocol.connect(NSProtocol.java:247) ~[ojdbc6.jar:11.2.0.3.0]
	at oracle.jdbc.driver.T4CConnection.connect(T4CConnection.java:1102) ~[ojdbc6.jar:11.2.0.3.0]
	at oracle.jdbc.driver.T4CConnection.logon(T4CConnection.java:320) ~[ojdbc6.jar:11.2.0.3.0]
	... 9 more
Caused by: java.net.UnknownHostException: deli
	at java.net.Inet6AddressImpl.lookupAllHostAddr(Native Method) ~[?:1.7.0_06]
	at java.net.InetAddress$1.lookupAllHostAddr(Unknown Source) ~[?:1.7.0_06]
	at java.net.InetAddress.getAddressesFromNameService(Unknown Source) ~[?:1.7.0_06]
	at java.net.InetAddress.getAllByName0(Unknown Source) ~[?:1.7.0_06]
	at java.net.InetAddress.getAllByName(Unknown Source) ~[?:1.7.0_06]
	at java.net.InetAddress.getAllByName(Unknown Source) ~[?:1.7.0_06]
	at oracle.net.nt.TcpNTAdapter.connect(TcpNTAdapter.java:117) ~[ojdbc6.jar:11.2.0.3.0]
	at oracle.net.nt.ConnOption.connect(ConnOption.java:133) ~[ojdbc6.jar:11.2.0.3.0]
	at oracle.net.nt.ConnStrategy.execute(ConnStrategy.java:370) ~[ojdbc6.jar:11.2.0.3.0]
	at oracle.net.resolver.AddrResolution.resolveAndExecute(AddrResolution.java:434) ~[ojdbc6.jar:11.2.0.3.0]
	at oracle.net.ns.NSProtocol.establishConnection(NSProtocol.java:687) ~[ojdbc6.jar:11.2.0.3.0]
	at oracle.net.ns.NSProtocol.connect(NSProtocol.java:247) ~[ojdbc6.jar:11.2.0.3.0]
	at oracle.jdbc.driver.T4CConnection.connect(T4CConnection.java:1102) ~[ojdbc6.jar:11.2.0.3.0]
	at oracle.jdbc.driver.T4CConnection.logon(T4CConnection.java:320) ~[ojdbc6.jar:11.2.0.3.0]
	... 9 more
2014-05-11 22:46:32,262 INFO asol.fin.uploader.Uploader [main] Entering.
2014-05-11 22:46:34,641 ERROR asol.fin.uploader.Uploader [main] IO Error: The Network Adapter could not establish the connection
java.sql.SQLRecoverableException: IO Error: The Network Adapter could not establish the connection
	at oracle.jdbc.driver.T4CConnection.logon(T4CConnection.java:458) ~[ojdbc6.jar:11.2.0.3.0]
	at oracle.jdbc.driver.PhysicalConnection.<init>(PhysicalConnection.java:546) ~[ojdbc6.jar:11.2.0.3.0]
	at oracle.jdbc.driver.T4CConnection.<init>(T4CConnection.java:236) ~[ojdbc6.jar:11.2.0.3.0]
	at oracle.jdbc.driver.T4CDriverExtension.getConnection(T4CDriverExtension.java:32) ~[ojdbc6.jar:11.2.0.3.0]
	at oracle.jdbc.driver.OracleDriver.connect(OracleDriver.java:521) ~[ojdbc6.jar:11.2.0.3.0]
	at java.sql.DriverManager.getConnection(Unknown Source) ~[?:1.7.0_06]
	at java.sql.DriverManager.getConnection(Unknown Source) ~[?:1.7.0_06]
	at asol.fin.uploader.DBHelper.getConnection(DBHelper.java:114) ~[bin/:?]
	at asol.fin.uploader.DBHelper.fetchPresentations(DBHelper.java:46) ~[bin/:?]
	at asol.fin.uploader.Uploader.main(Uploader.java:51) [bin/:?]
Caused by: oracle.net.ns.NetException: The Network Adapter could not establish the connection
	at oracle.net.nt.ConnStrategy.execute(ConnStrategy.java:392) ~[ojdbc6.jar:11.2.0.3.0]
	at oracle.net.resolver.AddrResolution.resolveAndExecute(AddrResolution.java:434) ~[ojdbc6.jar:11.2.0.3.0]
	at oracle.net.ns.NSProtocol.establishConnection(NSProtocol.java:687) ~[ojdbc6.jar:11.2.0.3.0]
	at oracle.net.ns.NSProtocol.connect(NSProtocol.java:247) ~[ojdbc6.jar:11.2.0.3.0]
	at oracle.jdbc.driver.T4CConnection.connect(T4CConnection.java:1102) ~[ojdbc6.jar:11.2.0.3.0]
	at oracle.jdbc.driver.T4CConnection.logon(T4CConnection.java:320) ~[ojdbc6.jar:11.2.0.3.0]
	... 9 more
Caused by: java.net.UnknownHostException: deli
	at java.net.Inet6AddressImpl.lookupAllHostAddr(Native Method) ~[?:1.7.0_06]
	at java.net.InetAddress$1.lookupAllHostAddr(Unknown Source) ~[?:1.7.0_06]
	at java.net.InetAddress.getAddressesFromNameService(Unknown Source) ~[?:1.7.0_06]
	at java.net.InetAddress.getAllByName0(Unknown Source) ~[?:1.7.0_06]
	at java.net.InetAddress.getAllByName(Unknown Source) ~[?:1.7.0_06]
	at java.net.InetAddress.getAllByName(Unknown Source) ~[?:1.7.0_06]
	at oracle.net.nt.TcpNTAdapter.connect(TcpNTAdapter.java:117) ~[ojdbc6.jar:11.2.0.3.0]
	at oracle.net.nt.ConnOption.connect(ConnOption.java:133) ~[ojdbc6.jar:11.2.0.3.0]
	at oracle.net.nt.ConnStrategy.execute(ConnStrategy.java:370) ~[ojdbc6.jar:11.2.0.3.0]
	at oracle.net.resolver.AddrResolution.resolveAndExecute(AddrResolution.java:434) ~[ojdbc6.jar:11.2.0.3.0]
	at oracle.net.ns.NSProtocol.establishConnection(NSProtocol.java:687) ~[ojdbc6.jar:11.2.0.3.0]
	at oracle.net.ns.NSProtocol.connect(NSProtocol.java:247) ~[ojdbc6.jar:11.2.0.3.0]
	at oracle.jdbc.driver.T4CConnection.connect(T4CConnection.java:1102) ~[ojdbc6.jar:11.2.0.3.0]
	at oracle.jdbc.driver.T4CConnection.logon(T4CConnection.java:320) ~[ojdbc6.jar:11.2.0.3.0]
	... 9 more
2014-05-12 20:59:48,579 INFO asol.fin.uploader.Uploader [main] Entering.
2014-05-12 20:59:51,002 ERROR asol.fin.uploader.Uploader [main] IO Error: The Network Adapter could not establish the connection
java.sql.SQLRecoverableException: IO Error: The Network Adapter could not establish the connection
	at oracle.jdbc.driver.T4CConnection.logon(T4CConnection.java:458) ~[ojdbc6.jar:11.2.0.3.0]
	at oracle.jdbc.driver.PhysicalConnection.<init>(PhysicalConnection.java:546) ~[ojdbc6.jar:11.2.0.3.0]
	at oracle.jdbc.driver.T4CConnection.<init>(T4CConnection.java:236) ~[ojdbc6.jar:11.2.0.3.0]
	at oracle.jdbc.driver.T4CDriverExtension.getConnection(T4CDriverExtension.java:32) ~[ojdbc6.jar:11.2.0.3.0]
	at oracle.jdbc.driver.OracleDriver.connect(OracleDriver.java:521) ~[ojdbc6.jar:11.2.0.3.0]
	at java.sql.DriverManager.getConnection(Unknown Source) ~[?:1.7.0_06]
	at java.sql.DriverManager.getConnection(Unknown Source) ~[?:1.7.0_06]
	at asol.fin.uploader.DBHelper.getConnection(DBHelper.java:114) ~[bin/:?]
	at asol.fin.uploader.DBHelper.fetchPresentations(DBHelper.java:46) ~[bin/:?]
	at asol.fin.uploader.Uploader.main(Uploader.java:54) [bin/:?]
Caused by: oracle.net.ns.NetException: The Network Adapter could not establish the connection
	at oracle.net.nt.ConnStrategy.execute(ConnStrategy.java:392) ~[ojdbc6.jar:11.2.0.3.0]
	at oracle.net.resolver.AddrResolution.resolveAndExecute(AddrResolution.java:434) ~[ojdbc6.jar:11.2.0.3.0]
	at oracle.net.ns.NSProtocol.establishConnection(NSProtocol.java:687) ~[ojdbc6.jar:11.2.0.3.0]
	at oracle.net.ns.NSProtocol.connect(NSProtocol.java:247) ~[ojdbc6.jar:11.2.0.3.0]
	at oracle.jdbc.driver.T4CConnection.connect(T4CConnection.java:1102) ~[ojdbc6.jar:11.2.0.3.0]
	at oracle.jdbc.driver.T4CConnection.logon(T4CConnection.java:320) ~[ojdbc6.jar:11.2.0.3.0]
	... 9 more
Caused by: java.net.UnknownHostException: deli
	at java.net.Inet6AddressImpl.lookupAllHostAddr(Native Method) ~[?:1.7.0_06]
	at java.net.InetAddress$1.lookupAllHostAddr(Unknown Source) ~[?:1.7.0_06]
	at java.net.InetAddress.getAddressesFromNameService(Unknown Source) ~[?:1.7.0_06]
	at java.net.InetAddress.getAllByName0(Unknown Source) ~[?:1.7.0_06]
	at java.net.InetAddress.getAllByName(Unknown Source) ~[?:1.7.0_06]
	at java.net.InetAddress.getAllByName(Unknown Source) ~[?:1.7.0_06]
	at oracle.net.nt.TcpNTAdapter.connect(TcpNTAdapter.java:117) ~[ojdbc6.jar:11.2.0.3.0]
	at oracle.net.nt.ConnOption.connect(ConnOption.java:133) ~[ojdbc6.jar:11.2.0.3.0]
	at oracle.net.nt.ConnStrategy.execute(ConnStrategy.java:370) ~[ojdbc6.jar:11.2.0.3.0]
	at oracle.net.resolver.AddrResolution.resolveAndExecute(AddrResolution.java:434) ~[ojdbc6.jar:11.2.0.3.0]
	at oracle.net.ns.NSProtocol.establishConnection(NSProtocol.java:687) ~[ojdbc6.jar:11.2.0.3.0]
	at oracle.net.ns.NSProtocol.connect(NSProtocol.java:247) ~[ojdbc6.jar:11.2.0.3.0]
	at oracle.jdbc.driver.T4CConnection.connect(T4CConnection.java:1102) ~[ojdbc6.jar:11.2.0.3.0]
	at oracle.jdbc.driver.T4CConnection.logon(T4CConnection.java:320) ~[ojdbc6.jar:11.2.0.3.0]
	... 9 more
